<?xml version="1.0" encoding="UTF-8"?>
<testng-results ignored="0" total="1" passed="1" failed="0" skipped="0">
  <reporter-output>
    <line>
      <![CDATA[create]]>
    </line>
  </reporter-output>
  <suite started-at="2024-10-22T22:24:12 IST" name="Suite" finished-at="2024-10-22T22:24:12 IST" duration-ms="119">
    <groups>
    </groups>
    <test started-at="2024-10-22T22:24:12 IST" name="Test" finished-at="2024-10-22T22:24:12 IST" duration-ms="119">
      <class name="com.actitime.test.Createcustomer">
        <test-method signature="create()[pri:0, instance:com.actitime.test.Createcustomer@1a482e36]" started-at="2024-10-22T22:24:12 IST" name="create" finished-at="2024-10-22T22:24:12 IST" duration-ms="26" status="PASS">
          <reporter-output>
            <line>
              <![CDATA[create]]>
            </line>
          </reporter-output>
        </test-method> <!-- create -->
      </class> <!-- com.actitime.test.Createcustomer -->
    </test> <!-- Test -->
  </suite> <!-- Suite -->
</testng-results>
